/*C4*/SET SCHEMA PUBLIC
INSERT INTO SNIPPET VALUES(52,'public class Classe{\u000a\u0009\u000a}','java','kkkkkk','kkkkkkk')
COMMIT
INSERT INTO SNIPPET VALUES(53,'public class xixi{\u000a\u000a}','java','xixixix','xixixixix')
COMMIT
INSERT INTO SNIPPET VALUES(54,'asdf','java','xixixix','xixixixix')
COMMIT
/*C5*/SET SCHEMA PUBLIC
DELETE FROM SNIPPET WHERE ID=2
COMMIT
DELETE FROM SNIPPET WHERE ID=3
COMMIT
DELETE FROM SNIPPET WHERE ID=4
COMMIT
DELETE FROM SNIPPET WHERE ID=34
COMMIT
DELETE FROM SNIPPET WHERE ID=35
COMMIT
DELETE FROM SNIPPET WHERE ID=36
COMMIT
DELETE FROM SNIPPET WHERE ID=37
COMMIT
DELETE FROM SNIPPET WHERE ID=38
COMMIT
DELETE FROM SNIPPET WHERE ID=44
COMMIT
DELETE FROM SNIPPET WHERE ID=45
COMMIT
DELETE FROM SNIPPET WHERE ID=46
COMMIT
DELETE FROM SNIPPET WHERE ID=49
COMMIT
DELETE FROM SNIPPET WHERE ID=50
COMMIT
ROLLBACK
DELETE FROM SNIPPET WHERE ID=52
COMMIT
DELETE FROM SNIPPET WHERE ID=51
COMMIT
DELETE FROM SNIPPET WHERE ID=53
COMMIT
DELETE FROM SNIPPET WHERE ID=54
COMMIT
INSERT INTO SNIPPET VALUES(55,'public class Classe{\u000a\u0009\u000a}','java','teste','java')
COMMIT
DELETE FROM SNIPPET WHERE ID=55
INSERT INTO SNIPPET VALUES(55,'public class Classe{\u000a\u0009int a;\u000a}','java','teste','java')
COMMIT
INSERT INTO SNIPPET VALUES(56,'haha','java','haha','ahahah')
COMMIT
INSERT INTO SNIPPET VALUES(57,'dfdf','java','dfdfd','dfdf')
COMMIT
INSERT INTO SNIPPET VALUES(58,'asdf','java','dfdfd','dfdf')
COMMIT
DELETE FROM SNIPPET WHERE ID=58
COMMIT
DELETE FROM SNIPPET WHERE ID=57
COMMIT
DELETE FROM SNIPPET WHERE ID=56
COMMIT
DELETE FROM SNIPPET WHERE ID=55
COMMIT
/*C4*/DISCONNECT
/*C5*/DISCONNECT
